<?xml version="1.0" encoding="UTF-8"?>
<testsuite xmlns:xsi="http://www.w3.org/2001/XMLSchema-instance" xsi:noNamespaceSchemaLocation="https://maven.apache.org/surefire/maven-surefire-plugin/xsd/surefire-test-report.xsd" name="RulesSonar.RulesSonar.AppTest" time="0.001" tests="1" errors="0" skipped="0" failures="0">
  <properties>
    <property name="sun.desktop" value="gnome"/>
    <property name="awt.toolkit" value="sun.awt.X11.XToolkit"/>
    <property name="file.encoding.pkg" value="sun.io"/>
    <property name="java.specification.version" value="1.8"/>
    <property name="sun.cpu.isalist" value=""/>
    <property name="sun.jnu.encoding" value="UTF-8"/>
    <property name="java.class.path" value="/home/luis/Documents/workspace-sts-3.9.2.RELEASE/RulesSonar/target/test-classes:/home/luis/Documents/workspace-sts-3.9.2.RELEASE/RulesSonar/target/classes:/home/luis/.m2/repository/org/sonarsource/sonarqube/sonar-plugin-api/6.3/sonar-plugin-api-6.3.jar:/home/luis/.m2/repository/org/codehaus/woodstox/woodstox-core-lgpl/4.4.0/woodstox-core-lgpl-4.4.0.jar:/home/luis/.m2/repository/javax/xml/stream/stax-api/1.0-2/stax-api-1.0-2.jar:/home/luis/.m2/repository/org/codehaus/woodstox/stax2-api/3.1.4/stax2-api-3.1.4.jar:/home/luis/.m2/repository/org/codehaus/staxmate/staxmate/2.0.1/staxmate-2.0.1.jar:/home/luis/.m2/repository/org/sonarsource/java/sonar-java-plugin/4.7.1.9272/sonar-java-plugin-4.7.1.9272.jar:/home/luis/.m2/repository/org/sonarsource/java/java-surefire/4.7.1.9272/java-surefire-4.7.1.9272.jar:/home/luis/.m2/repository/org/sonarsource/java/java-jacoco/4.7.1.9272/java-jacoco-4.7.1.9272.jar:/home/luis/.m2/repository/org/jacoco/org.jacoco.core/0.7.5.201505241946/org.jacoco.core-0.7.5.201505241946.jar:/home/luis/.m2/repository/org/sonarsource/java/java-jacoco-previous/4.7.1.9272/java-jacoco-previous-4.7.1.9272.jar:/home/luis/.m2/repository/org/sonarsource/java/java-checks/4.7.1.9272/java-checks-4.7.1.9272.jar:/home/luis/.m2/repository/org/sonarsource/java/java-frontend/4.7.1.9272/java-frontend-4.7.1.9272.jar:/home/luis/.m2/repository/org/sonarsource/sslr/sslr-core/1.21/sslr-core-1.21.jar:/home/luis/.m2/repository/com/google/code/findbugs/jsr305/1.3.9/jsr305-1.3.9.jar:/home/luis/.m2/repository/cglib/cglib-nodep/3.1/cglib-nodep-3.1.jar:/home/luis/.m2/repository/com/google/guava/guava/19.0/guava-19.0.jar:/home/luis/.m2/repository/org/sonarsource/java/java-maven-model/4.7.1.9272/java-maven-model-4.7.1.9272.jar:/home/luis/.m2/repository/org/ow2/asm/asm-debug-all/5.0.3/asm-debug-all-5.0.3.jar:/home/luis/.m2/repository/org/apache/maven/maven-project/2.0.7/maven-project-2.0.7.jar:/home/luis/.m2/repository/org/apache/maven/maven-settings/2.0.7/maven-settings-2.0.7.jar:/home/luis/.m2/repository/org/apache/maven/maven-profile/2.0.7/maven-profile-2.0.7.jar:/home/luis/.m2/repository/org/apache/maven/maven-model/2.0.7/maven-model-2.0.7.jar:/home/luis/.m2/repository/org/apache/maven/maven-artifact-manager/2.0.7/maven-artifact-manager-2.0.7.jar:/home/luis/.m2/repository/org/apache/maven/maven-repository-metadata/2.0.7/maven-repository-metadata-2.0.7.jar:/home/luis/.m2/repository/org/apache/maven/wagon/wagon-provider-api/1.0-beta-2/wagon-provider-api-1.0-beta-2.jar:/home/luis/.m2/repository/org/apache/maven/maven-plugin-registry/2.0.7/maven-plugin-registry-2.0.7.jar:/home/luis/.m2/repository/org/codehaus/plexus/plexus-utils/1.4.1/plexus-utils-1.4.1.jar:/home/luis/.m2/repository/org/apache/maven/maven-artifact/2.0.7/maven-artifact-2.0.7.jar:/home/luis/.m2/repository/org/codehaus/plexus/plexus-container-default/1.0-alpha-9-stable-1/plexus-container-default-1.0-alpha-9-stable-1.jar:/home/luis/.m2/repository/classworlds/classworlds/1.1-alpha-2/classworlds-1.1-alpha-2.jar:/home/luis/.m2/repository/commons-lang/commons-lang/2.6/commons-lang-2.6.jar:/home/luis/.m2/repository/org/sonarsource/sslr-squid-bridge/sslr-squid-bridge/2.6.1/sslr-squid-bridge-2.6.1.jar:/home/luis/.m2/repository/org/picocontainer/picocontainer/2.14.1/picocontainer-2.14.1.jar:/home/luis/.m2/repository/org/sonarsource/java/java-checks-testkit/4.7.1.9272/java-checks-testkit-4.7.1.9272.jar:/home/luis/.m2/repository/com/google/code/gson/gson/2.6.2/gson-2.6.2.jar:/home/luis/.m2/repository/org/sonarsource/sslr/sslr-testing-harness/1.21/sslr-testing-harness-1.21.jar:/home/luis/.m2/repository/org/sonarsource/sslr/sslr-toolkit/1.21/sslr-toolkit-1.21.jar:/home/luis/.m2/repository/org/sonarsource/sslr/sslr-xpath/1.21/sslr-xpath-1.21.jar:/home/luis/.m2/repository/jaxen/jaxen/1.1.4/jaxen-1.1.4.jar:/home/luis/.m2/repository/org/codehaus/sonar/sonar-colorizer/3.7/sonar-colorizer-3.7.jar:/home/luis/.m2/repository/org/codehaus/sonar/sonar-channel/3.7/sonar-channel-3.7.jar:/home/luis/.m2/repository/commons-io/commons-io/2.4/commons-io-2.4.jar:/home/luis/.m2/repository/org/easytesting/fest-assert/1.4/fest-assert-1.4.jar:/home/luis/.m2/repository/org/easytesting/fest-util/1.1.6/fest-util-1.1.6.jar:/home/luis/.m2/repository/org/hamcrest/hamcrest-all/1.1/hamcrest-all-1.1.jar:/home/luis/.m2/repository/org/slf4j/slf4j-api/1.6.2/slf4j-api-1.6.2.jar:/home/luis/.m2/repository/junit/junit/4.11/junit-4.11.jar:/home/luis/.m2/repository/org/hamcrest/hamcrest-core/1.3/hamcrest-core-1.3.jar:/home/luis/.m2/repository/org/assertj/assertj-core/3.6.1/assertj-core-3.6.1.jar:/home/luis/.m2/repository/ch/qos/logback/logback-classic/0.9.30/logback-classic-0.9.30.jar:/home/luis/.m2/repository/ch/qos/logback/logback-core/0.9.30/logback-core-0.9.30.jar:"/>
    <property name="java.vm.vendor" value="Oracle Corporation"/>
    <property name="sun.arch.data.model" value="64"/>
    <property name="java.vendor.url" value="http://java.oracle.com/"/>
    <property name="user.timezone" value=""/>
    <property name="java.vm.specification.version" value="1.8"/>
    <property name="os.name" value="Linux"/>
    <property name="user.country" value="US"/>
    <property name="sun.java.launcher" value="SUN_STANDARD"/>
    <property name="sun.boot.library.path" value="/usr/lib/jvm/java-8-openjdk-amd64/jre/lib/amd64"/>
    <property name="sun.java.command" value="/home/luis/Documents/workspace-sts-3.9.2.RELEASE/RulesSonar/target/surefire/surefirebooter8096897390326124848.jar /home/luis/Documents/workspace-sts-3.9.2.RELEASE/RulesSonar/target/surefire 2018-01-30T11-17-48_621-jvmRun1 surefire5129830991320961743tmp surefire_03325223856607648750tmp"/>
    <property name="surefire.test.class.path" value="/home/luis/Documents/workspace-sts-3.9.2.RELEASE/RulesSonar/target/test-classes:/home/luis/Documents/workspace-sts-3.9.2.RELEASE/RulesSonar/target/classes:/home/luis/.m2/repository/org/sonarsource/sonarqube/sonar-plugin-api/6.3/sonar-plugin-api-6.3.jar:/home/luis/.m2/repository/org/codehaus/woodstox/woodstox-core-lgpl/4.4.0/woodstox-core-lgpl-4.4.0.jar:/home/luis/.m2/repository/javax/xml/stream/stax-api/1.0-2/stax-api-1.0-2.jar:/home/luis/.m2/repository/org/codehaus/woodstox/stax2-api/3.1.4/stax2-api-3.1.4.jar:/home/luis/.m2/repository/org/codehaus/staxmate/staxmate/2.0.1/staxmate-2.0.1.jar:/home/luis/.m2/repository/org/sonarsource/java/sonar-java-plugin/4.7.1.9272/sonar-java-plugin-4.7.1.9272.jar:/home/luis/.m2/repository/org/sonarsource/java/java-surefire/4.7.1.9272/java-surefire-4.7.1.9272.jar:/home/luis/.m2/repository/org/sonarsource/java/java-jacoco/4.7.1.9272/java-jacoco-4.7.1.9272.jar:/home/luis/.m2/repository/org/jacoco/org.jacoco.core/0.7.5.201505241946/org.jacoco.core-0.7.5.201505241946.jar:/home/luis/.m2/repository/org/sonarsource/java/java-jacoco-previous/4.7.1.9272/java-jacoco-previous-4.7.1.9272.jar:/home/luis/.m2/repository/org/sonarsource/java/java-checks/4.7.1.9272/java-checks-4.7.1.9272.jar:/home/luis/.m2/repository/org/sonarsource/java/java-frontend/4.7.1.9272/java-frontend-4.7.1.9272.jar:/home/luis/.m2/repository/org/sonarsource/sslr/sslr-core/1.21/sslr-core-1.21.jar:/home/luis/.m2/repository/com/google/code/findbugs/jsr305/1.3.9/jsr305-1.3.9.jar:/home/luis/.m2/repository/cglib/cglib-nodep/3.1/cglib-nodep-3.1.jar:/home/luis/.m2/repository/com/google/guava/guava/19.0/guava-19.0.jar:/home/luis/.m2/repository/org/sonarsource/java/java-maven-model/4.7.1.9272/java-maven-model-4.7.1.9272.jar:/home/luis/.m2/repository/org/ow2/asm/asm-debug-all/5.0.3/asm-debug-all-5.0.3.jar:/home/luis/.m2/repository/org/apache/maven/maven-project/2.0.7/maven-project-2.0.7.jar:/home/luis/.m2/repository/org/apache/maven/maven-settings/2.0.7/maven-settings-2.0.7.jar:/home/luis/.m2/repository/org/apache/maven/maven-profile/2.0.7/maven-profile-2.0.7.jar:/home/luis/.m2/repository/org/apache/maven/maven-model/2.0.7/maven-model-2.0.7.jar:/home/luis/.m2/repository/org/apache/maven/maven-artifact-manager/2.0.7/maven-artifact-manager-2.0.7.jar:/home/luis/.m2/repository/org/apache/maven/maven-repository-metadata/2.0.7/maven-repository-metadata-2.0.7.jar:/home/luis/.m2/repository/org/apache/maven/wagon/wagon-provider-api/1.0-beta-2/wagon-provider-api-1.0-beta-2.jar:/home/luis/.m2/repository/org/apache/maven/maven-plugin-registry/2.0.7/maven-plugin-registry-2.0.7.jar:/home/luis/.m2/repository/org/codehaus/plexus/plexus-utils/1.4.1/plexus-utils-1.4.1.jar:/home/luis/.m2/repository/org/apache/maven/maven-artifact/2.0.7/maven-artifact-2.0.7.jar:/home/luis/.m2/repository/org/codehaus/plexus/plexus-container-default/1.0-alpha-9-stable-1/plexus-container-default-1.0-alpha-9-stable-1.jar:/home/luis/.m2/repository/classworlds/classworlds/1.1-alpha-2/classworlds-1.1-alpha-2.jar:/home/luis/.m2/repository/commons-lang/commons-lang/2.6/commons-lang-2.6.jar:/home/luis/.m2/repository/org/sonarsource/sslr-squid-bridge/sslr-squid-bridge/2.6.1/sslr-squid-bridge-2.6.1.jar:/home/luis/.m2/repository/org/picocontainer/picocontainer/2.14.1/picocontainer-2.14.1.jar:/home/luis/.m2/repository/org/sonarsource/java/java-checks-testkit/4.7.1.9272/java-checks-testkit-4.7.1.9272.jar:/home/luis/.m2/repository/com/google/code/gson/gson/2.6.2/gson-2.6.2.jar:/home/luis/.m2/repository/org/sonarsource/sslr/sslr-testing-harness/1.21/sslr-testing-harness-1.21.jar:/home/luis/.m2/repository/org/sonarsource/sslr/sslr-toolkit/1.21/sslr-toolkit-1.21.jar:/home/luis/.m2/repository/org/sonarsource/sslr/sslr-xpath/1.21/sslr-xpath-1.21.jar:/home/luis/.m2/repository/jaxen/jaxen/1.1.4/jaxen-1.1.4.jar:/home/luis/.m2/repository/org/codehaus/sonar/sonar-colorizer/3.7/sonar-colorizer-3.7.jar:/home/luis/.m2/repository/org/codehaus/sonar/sonar-channel/3.7/sonar-channel-3.7.jar:/home/luis/.m2/repository/commons-io/commons-io/2.4/commons-io-2.4.jar:/home/luis/.m2/repository/org/easytesting/fest-assert/1.4/fest-assert-1.4.jar:/home/luis/.m2/repository/org/easytesting/fest-util/1.1.6/fest-util-1.1.6.jar:/home/luis/.m2/repository/org/hamcrest/hamcrest-all/1.1/hamcrest-all-1.1.jar:/home/luis/.m2/repository/org/slf4j/slf4j-api/1.6.2/slf4j-api-1.6.2.jar:/home/luis/.m2/repository/junit/junit/4.11/junit-4.11.jar:/home/luis/.m2/repository/org/hamcrest/hamcrest-core/1.3/hamcrest-core-1.3.jar:/home/luis/.m2/repository/org/assertj/assertj-core/3.6.1/assertj-core-3.6.1.jar:/home/luis/.m2/repository/ch/qos/logback/logback-classic/0.9.30/logback-classic-0.9.30.jar:/home/luis/.m2/repository/ch/qos/logback/logback-core/0.9.30/logback-core-0.9.30.jar:"/>
    <property name="sun.cpu.endian" value="little"/>
    <property name="user.home" value="/home/luis"/>
    <property name="user.language" value="en"/>
    <property name="java.specification.vendor" value="Oracle Corporation"/>
    <property name="java.home" value="/usr/lib/jvm/java-8-openjdk-amd64/jre"/>
    <property name="basedir" value="/home/luis/Documents/workspace-sts-3.9.2.RELEASE/RulesSonar"/>
    <property name="file.separator" value="/"/>
    <property name="line.separator" value="&#10;"/>
    <property name="java.vm.specification.vendor" value="Oracle Corporation"/>
    <property name="java.specification.name" value="Java Platform API Specification"/>
    <property name="java.awt.graphicsenv" value="sun.awt.X11GraphicsEnvironment"/>
    <property name="surefire.real.class.path" value="/home/luis/Documents/workspace-sts-3.9.2.RELEASE/RulesSonar/target/surefire/surefirebooter8096897390326124848.jar"/>
    <property name="sun.boot.class.path" value="/usr/lib/jvm/java-8-openjdk-amd64/jre/lib/resources.jar:/usr/lib/jvm/java-8-openjdk-amd64/jre/lib/rt.jar:/usr/lib/jvm/java-8-openjdk-amd64/jre/lib/sunrsasign.jar:/usr/lib/jvm/java-8-openjdk-amd64/jre/lib/jsse.jar:/usr/lib/jvm/java-8-openjdk-amd64/jre/lib/jce.jar:/usr/lib/jvm/java-8-openjdk-amd64/jre/lib/charsets.jar:/usr/lib/jvm/java-8-openjdk-amd64/jre/lib/jfr.jar:/usr/lib/jvm/java-8-openjdk-amd64/jre/classes"/>
    <property name="sun.management.compiler" value="HotSpot 64-Bit Tiered Compilers"/>
    <property name="java.runtime.version" value="1.8.0_151-8u151-b12-0ubuntu0.16.04.2-b12"/>
    <property name="user.name" value="luis"/>
    <property name="path.separator" value=":"/>
    <property name="os.version" value="4.13.0-32-generic"/>
    <property name="java.endorsed.dirs" value="/usr/lib/jvm/java-8-openjdk-amd64/jre/lib/endorsed"/>
    <property name="java.runtime.name" value="OpenJDK Runtime Environment"/>
    <property name="file.encoding" value="UTF-8"/>
    <property name="java.vm.name" value="OpenJDK 64-Bit Server VM"/>
    <property name="localRepository" value="/home/luis/.m2/repository"/>
    <property name="java.vendor.url.bug" value="http://bugreport.sun.com/bugreport/"/>
    <property name="java.io.tmpdir" value="/tmp"/>
    <property name="java.version" value="1.8.0_151"/>
    <property name="user.dir" value="/home/luis/Documents/workspace-sts-3.9.2.RELEASE/RulesSonar"/>
    <property name="os.arch" value="amd64"/>
    <property name="java.vm.specification.name" value="Java Virtual Machine Specification"/>
    <property name="java.awt.printerjob" value="sun.print.PSPrinterJob"/>
    <property name="sun.os.patch.level" value="unknown"/>
    <property name="java.library.path" value="/usr/java/packages/lib/amd64:/usr/lib/x86_64-linux-gnu/jni:/lib/x86_64-linux-gnu:/usr/lib/x86_64-linux-gnu:/usr/lib/jni:/lib:/usr/lib"/>
    <property name="java.vm.info" value="mixed mode"/>
    <property name="java.vendor" value="Oracle Corporation"/>
    <property name="java.vm.version" value="25.151-b12"/>
    <property name="java.ext.dirs" value="/usr/lib/jvm/java-8-openjdk-amd64/jre/lib/ext:/usr/java/packages/lib/ext"/>
    <property name="sun.io.unicode.encoding" value="UnicodeLittle"/>
    <property name="java.class.version" value="52.0"/>
  </properties>
  <testcase name="testApp" classname="RulesSonar.RulesSonar.AppTest" time="0.001"/>
</testsuite>